#
# There is insufficient memory for the Java Runtime Environment to continue.
# Native memory allocation (malloc) failed to allocate 125840 bytes for Chunk::new
# Possible reasons:
#   The system is out of physical RAM or swap space
#   In 32 bit mode, the process size limit was hit
# Possible solutions:
#   Reduce memory load on the system
#   Increase physical memory or swap space
#   Check if swap backing store is full
#   Use 64 bit Java on a 64 bit OS
#   Decrease Java heap size (-Xmx/-Xms)
#   Decrease number of Java threads
#   Decrease Java thread stack sizes (-Xss)
#   Set larger code cache with -XX:ReservedCodeCacheSize=
# This output file may be truncated or incomplete.
#
#  Out of Memory Error (allocation.cpp:390), pid=16076, tid=0x0000000000005324
#
# JRE version: Java(TM) SE Runtime Environment (8.0_144-b01) (build 1.8.0_144-b01)
# Java VM: Java HotSpot(TM) 64-Bit Server VM (25.144-b01 mixed mode windows-amd64 compressed oops)
# Failed to write core dump. Minidumps are not enabled by default on client versions of Windows
#

---------------  T H R E A D  ---------------

Current thread (0x00000000189af000):  JavaThread "C2 CompilerThread0" daemon [_thread_in_native, id=21284, stack(0x0000000019090000,0x0000000019190000)]

Stack: [0x0000000019090000,0x0000000019190000]
[error occurred during error reporting (printing stack bounds), id 0xc0000005]

Native frames: (J=compiled Java code, j=interpreted, Vv=VM code, C=native code)


Current CompileTask:
C2:3847287 26616       4       com.android.tools.r8.ir.conversion.IRBuilder::a (2002 bytes)


---------------  P R O C E S S  ---------------

Java Threads: ( => current thread )
  0x0000000021a9b000 JavaThread "WorkerExecutor Queue Thread 5" [_thread_blocked, id=26072, stack(0x0000000027210000,0x0000000027310000)]
  0x0000000021a9c800 JavaThread "WorkerExecutor Queue Thread 4" [_thread_blocked, id=26068, stack(0x0000000026cf0000,0x0000000026df0000)]
  0x0000000021a9d800 JavaThread "WorkerExecutor Queue Thread 3" [_thread_blocked, id=26064, stack(0x0000000026bf0000,0x0000000026cf0000)]
  0x000000001eac9800 JavaThread "stdout" [_thread_in_native, id=25812, stack(0x0000000026af0000,0x0000000026bf0000)]
  0x000000001eac8800 JavaThread "stderr" [_thread_in_native, id=25808, stack(0x00000000269f0000,0x0000000026af0000)]
  0x000000001eac8000 JavaThread "pool-26-thread-1" [_thread_blocked, id=25792, stack(0x00000000268f0000,0x00000000269f0000)]
  0x000000001eac5800 JavaThread "WorkerExecutor Queue Thread 2" [_thread_blocked, id=25788, stack(0x00000000267f0000,0x00000000268f0000)]
  0x000000001eac7000 JavaThread "WorkerExecutor Queue" [_thread_blocked, id=25784, stack(0x00000000266f0000,0x00000000267f0000)]
  0x000000001eabe000 JavaThread "Cache worker for execution history cache (D:\android\work\TestOnline\.gradle\5.4.1\executionHistory)" [_thread_blocked, id=13948, stack(0x00000000265f0000,0x00000000266f0000)]
  0x000000001eac5000 JavaThread "Execution worker for ':' Thread 7" [_thread_blocked, id=11140, stack(0x00000000264f0000,0x00000000265f0000)]
  0x000000001eabd000 JavaThread "Execution worker for ':' Thread 6" [_thread_blocked, id=24896, stack(0x00000000262f0000,0x00000000263f0000)]
  0x000000001eac4000 JavaThread "Execution worker for ':' Thread 5" [_thread_blocked, id=22476, stack(0x00000000261f0000,0x00000000262f0000)]
  0x000000001eabc800 JavaThread "Execution worker for ':' Thread 4" [_thread_blocked, id=25136, stack(0x00000000256f0000,0x00000000257f0000)]
  0x000000001eac3000 JavaThread "Execution worker for ':' Thread 3" [_thread_blocked, id=7648, stack(0x00000000251f0000,0x00000000252f0000)]
  0x000000001eabb800 JavaThread "Execution worker for ':' Thread 2" [_thread_blocked, id=25376, stack(0x0000000024cf0000,0x0000000024df0000)]
  0x000000001eac2800 JavaThread "Execution worker for ':'" [_thread_blocked, id=21724, stack(0x00000000249f0000,0x0000000024af0000)]
  0x000000001eac1800 JavaThread "Cache worker for file content cache (D:\android\work\TestOnline\.gradle\5.4.1\fileContent)" [_thread_blocked, id=23332, stack(0x0000000023ce0000,0x0000000023de0000)]
  0x000000001eaba000 JavaThread "Cache worker for Build Output Cleanup Cache (D:\android\work\TestOnline\.gradle\buildOutputCleanup)" [_thread_blocked, id=23208, stack(0x00000000236b0000,0x00000000237b0000)]
  0x000000001eac0000 JavaThread "Build operations Thread 8" [_thread_blocked, id=21244, stack(0x0000000022fb0000,0x00000000230b0000)]
  0x0000000020290800 JavaThread "Build operations Thread 7" [_thread_blocked, id=23372, stack(0x0000000022eb0000,0x0000000022fb0000)]
  0x000000002028e800 JavaThread "Build operations Thread 6" [_thread_blocked, id=14212, stack(0x0000000022db0000,0x0000000022eb0000)]
  0x000000002028d800 JavaThread "Build operations Thread 5" [_thread_blocked, id=13744, stack(0x0000000022cb0000,0x0000000022db0000)]
  0x000000002028f000 JavaThread "Build operations Thread 4" [_thread_blocked, id=2684, stack(0x0000000022bb0000,0x0000000022cb0000)]
  0x0000000020291800 JavaThread "Build operations Thread 3" [_thread_blocked, id=24416, stack(0x0000000022ab0000,0x0000000022bb0000)]
  0x0000000020290000 JavaThread "Build operations Thread 2" [_thread_blocked, id=25480, stack(0x0000000022700000,0x0000000022800000)]
  0x000000002028d000 JavaThread "Build operations" [_thread_in_Java, id=9584, stack(0x0000000022600000,0x0000000022700000)]
  0x0000000020285000 JavaThread "Cache worker for cache directory md-rule (C:\Users\86151\.gradle\caches\5.4.1\md-rule)" [_thread_blocked, id=25020, stack(0x000000001f9a0000,0x000000001faa0000)]
  0x000000002028c000 JavaThread "Cache worker for cache directory md-supplier (C:\Users\86151\.gradle\caches\5.4.1\md-supplier)" [_thread_blocked, id=13972, stack(0x000000001f7a0000,0x000000001f8a0000)]
  0x0000000020284800 JavaThread "Cache worker for file hash cache (D:\android\work\TestOnline\.gradle\5.4.1\fileHashes)" [_thread_blocked, id=25148, stack(0x000000001f6a0000,0x000000001f7a0000)]
  0x000000002028b800 JavaThread "Thread-317" [_thread_blocked, id=21660, stack(0x000000001b930000,0x000000001ba30000)]
  0x000000002028a800 JavaThread "Stdin handler" [_thread_blocked, id=20008, stack(0x000000001b830000,0x000000001b930000)]
  0x0000000020289000 JavaThread "Asynchronous log dispatcher for DefaultDaemonConnection: socket connection from /127.0.0.1:10086 to /127.0.0.1:12910" [_thread_blocked, id=24908, stack(0x000000001b530000,0x000000001b630000)]
  0x0000000020288800 JavaThread "Daemon worker Thread 11" [_thread_blocked, id=20104, stack(0x000000001b430000,0x000000001b530000)]
  0x0000000020283800 JavaThread "Cancel handler" [_thread_blocked, id=24424, stack(0x0000000000d60000,0x0000000000e60000)]
  0x0000000020287000 JavaThread "Handler for socket connection from /127.0.0.1:10086 to /127.0.0.1:12910" [_thread_in_native, id=18548, stack(0x0000000000c60000,0x0000000000d60000)]
  0x0000000020287800 JavaThread "Daemon Thread 11" [_thread_blocked, id=13892, stack(0x0000000000b60000,0x0000000000c60000)]
  0x000000001eabb000 JavaThread "Cache worker for Java compile cache (C:\Users\86151\.gradle\caches\5.4.1\javaCompile)" [_thread_blocked, id=1932, stack(0x000000001ba30000,0x000000001bb30000)]
  0x000000001d908800 JavaThread "Cache worker for file content cache (C:\Users\86151\.gradle\caches\5.4.1\fileContent)" [_thread_blocked, id=8868, stack(0x00000000248f0000,0x00000000249f0000)]
  0x000000001a74e000 JavaThread "Memory manager" [_thread_blocked, id=5888, stack(0x00000000239b0000,0x0000000023ab0000)]
  0x000000001a6ec800 JavaThread "Cache worker for execution history cache (C:\Users\86151\.gradle\caches\5.4.1\executionHistory)" [_thread_blocked, id=3660, stack(0x0000000022500000,0x0000000022600000)]
  0x000000001a6e6800 JavaThread "Cache worker for journal cache (C:\Users\86151\.gradle\caches\journal-1)" [_thread_blocked, id=1448, stack(0x000000001c030000,0x000000001c130000)]
  0x000000001a6e8800 JavaThread "File lock request listener" [_thread_in_native, id=9128, stack(0x000000001bf30000,0x000000001c030000)]
  0x000000001a6ea000 JavaThread "Cache worker for file hash cache (C:\Users\86151\.gradle\caches\5.4.1\fileHashes)" [_thread_blocked, id=17264, stack(0x000000001be30000,0x000000001bf30000)]
  0x0000000019b86800 JavaThread "Daemon periodic checks" [_thread_blocked, id=6492, stack(0x000000001b330000,0x000000001b430000)]
  0x0000000018d15000 JavaThread "Incoming local TCP Connector on port 10086" [_thread_in_native, id=2000, stack(0x000000001b180000,0x000000001b280000)]
  0x000000001a423800 JavaThread "Daemon health stats" [_thread_blocked, id=272, stack(0x000000001ae60000,0x000000001af60000)]
  0x0000000018a38000 JavaThread "Service Thread" daemon [_thread_blocked, id=1992, stack(0x0000000019490000,0x0000000019590000)]
  0x00000000189bd800 JavaThread "C1 CompilerThread3" daemon [_thread_blocked, id=17348, stack(0x0000000019390000,0x0000000019490000)]
  0x00000000189b7000 JavaThread "C2 CompilerThread2" daemon [_thread_blocked, id=13716, stack(0x0000000019290000,0x0000000019390000)]
  0x00000000189b1000 JavaThread "C2 CompilerThread1" daemon [_thread_blocked, id=23460, stack(0x0000000019190000,0x0000000019290000)]
=>0x00000000189af000 JavaThread "C2 CompilerThread0" daemon [_thread_in_native, id=21284, stack(0x0000000019090000,0x0000000019190000)]
  0x00000000189ab000 JavaThread "Attach Listener" daemon [_thread_blocked, id=1832, stack(0x0000000018f90000,0x0000000019090000)]
  0x0000000018959000 JavaThread "Signal Dispatcher" daemon [_thread_blocked, id=19472, stack(0x0000000018e90000,0x0000000018f90000)]
  0x0000000002c79000 JavaThread "Finalizer" daemon [_thread_blocked, id=23120, stack(0x0000000018d20000,0x0000000018e20000)]
  0x0000000002c78000 JavaThread "Reference Handler" daemon [_thread_blocked, id=21984, stack(0x0000000018820000,0x0000000018920000)]
  0x0000000002b7e000 JavaThread "main" [_thread_blocked, id=15652, stack(0x0000000002a40000,0x0000000002b40000)]

Other Threads:
  0x0000000016a39800 VMThread [stack: 0x0000000018720000,0x0000000018820000] [id=1292]
  0x0000000018aae800 WatcherThread [stack: 0x0000000019590000,0x0000000019690000] [id=22784]

VM state:not at safepoint (normal execution)

VM Mutex/Monitor currently owned by a thread: None

Heap:
 PSYoungGen      total 491520K, used 209854K [0x00000000e0000000, 0x00000000ffd80000, 0x0000000100000000)
  eden space 461312K, 43% used [0x00000000e0000000,0x00000000ec3596c8,0x00000000fc280000)
  from space 30208K, 32% used [0x00000000fc280000,0x00000000fcc162b8,0x00000000fe000000)
  to   space 29184K, 0% used [0x00000000fe100000,0x00000000fe100000,0x00000000ffd80000)
 ParOldGen       total 175616K, used 108808K [0x00000000a0000000, 0x00000000aab80000, 0x00000000e0000000)
  object space 175616K, 61% used [0x00000000a0000000,0x00000000a6a42168,0x00000000aab80000)
 Metaspace       used 102677K, capacity 109592K, committed 109824K, reserved 1144832K
  class space    used 13353K, capacity 14483K, committed 14592K, reserved 1048576K

Card table byte_map: [0x0000000012040000,0x0000000012350000] byte_map_base: 0x0000000011b40000

Marking Bits: (ParMarkBitMap*) 0x000000005b5dd850
 Begin Bits: [0x0000000012d50000, 0x0000000014550000)
 End Bits:   [0x0000000014550000, 0x0000000015d50000)

Polling page: 0x0000000000ea0000

CodeCache: size=245760Kb used=74717Kb max_used=74728Kb free=171042Kb
 bounds [0x0000000002c80000, 0x00000000075f0000, 0x0000000011c80000]
 total_blobs=21389 nmethods=20473 adapters=824
 compilation: enabled

Compilation events (10 events):
Event: 3847.158 Thread 0x00000000189b7000 26621       4       com.android.tools.r8.graph.LazyLoadedDexApplication::definitionFor (92 bytes)
Event: 3847.160 Thread 0x00000000189b1000 nmethod 26619 0x00000000075def10 code [0x00000000075df0c0, 0x00000000075df708]
Event: 3847.160 Thread 0x00000000189b1000 26626       4       com.android.tools.r8.ir.code.Value::E (23 bytes)
Event: 3847.162 Thread 0x00000000189b1000 nmethod 26626 0x0000000004ef4990 code [0x0000000004ef4ac0, 0x0000000004ef4b38]
Event: 3847.188 Thread 0x00000000189b7000 nmethod 26621 0x00000000075e25d0 code [0x00000000075e2760, 0x00000000075e30e8]
Event: 3847.229 Thread 0x00000000189bd800 26627       3       java.util.HashMap$TreeNode::tieBreakOrder (49 bytes)
Event: 3847.231 Thread 0x00000000189bd800 nmethod 26627 0x00000000075de350 code [0x00000000075de520, 0x00000000075decc8]
Event: 3847.242 Thread 0x00000000189b1000 26628       4       com.android.tools.r8.code.d0::hashCode (31 bytes)
Event: 3847.245 Thread 0x00000000189b1000 nmethod 26628 0x00000000075e21d0 code [0x00000000075e2320, 0x00000000075e2468]
Event: 3847.279 Thread 0x00000000189b7000 26629       4       com.android.tools.r8.ir.analysis.type.IntTypeLatticeElement::hashCode (7 bytes)

GC Heap History (10 events):
Event: 2920.706 GC heap before
{Heap before GC invocations=45 (full 4):
 PSYoungGen      total 489472K, used 458336K [0x00000000e0000000, 0x0000000100000000, 0x0000000100000000)
  eden space 455680K, 100% used [0x00000000e0000000,0x00000000fbd00000,0x00000000fbd00000)
  from space 33792K, 7% used [0x00000000fdf00000,0x00000000fe198010,0x0000000100000000)
  to   space 34304K, 0% used [0x00000000fbd00000,0x00000000fbd00000,0x00000000fde80000)
 ParOldGen       total 175616K, used 80790K [0x00000000a0000000, 0x00000000aab80000, 0x00000000e0000000)
  object space 175616K, 46% used [0x00000000a0000000,0x00000000a4ee59b8,0x00000000aab80000)
 Metaspace       used 102379K, capacity 109192K, committed 109440K, reserved 1144832K
  class space    used 13338K, capacity 14461K, committed 14464K, reserved 1048576K
Event: 2920.805 GC heap after
Heap after GC invocations=45 (full 4):
 PSYoungGen      total 465408K, used 9504K [0x00000000e0000000, 0x00000000ffd80000, 0x0000000100000000)
  eden space 455680K, 0% used [0x00000000e0000000,0x00000000e0000000,0x00000000fbd00000)
  from space 9728K, 97% used [0x00000000fbd00000,0x00000000fc648010,0x00000000fc680000)
  to   space 32768K, 0% used [0x00000000fdd80000,0x00000000fdd80000,0x00000000ffd80000)
 ParOldGen       total 175616K, used 83278K [0x00000000a0000000, 0x00000000aab80000, 0x00000000e0000000)
  object space 175616K, 47% used [0x00000000a0000000,0x00000000a51538a0,0x00000000aab80000)
 Metaspace       used 102379K, capacity 109192K, committed 109440K, reserved 1144832K
  class space    used 13338K, capacity 14461K, committed 14464K, reserved 1048576K
}
Event: 2933.836 GC heap before
{Heap before GC invocations=46 (full 4):
 PSYoungGen      total 465408K, used 465184K [0x00000000e0000000, 0x00000000ffd80000, 0x0000000100000000)
  eden space 455680K, 100% used [0x00000000e0000000,0x00000000fbd00000,0x00000000fbd00000)
  from space 9728K, 97% used [0x00000000fbd00000,0x00000000fc648010,0x00000000fc680000)
  to   space 32768K, 0% used [0x00000000fdd80000,0x00000000fdd80000,0x00000000ffd80000)
 ParOldGen       total 175616K, used 83278K [0x00000000a0000000, 0x00000000aab80000, 0x00000000e0000000)
  object space 175616K, 47% used [0x00000000a0000000,0x00000000a51538a0,0x00000000aab80000)
 Metaspace       used 102407K, capacity 109280K, committed 109568K, reserved 1144832K
  class space    used 13341K, capacity 14465K, committed 14592K, reserved 1048576K
Event: 2933.869 GC heap after
Heap after GC invocations=46 (full 4):
 PSYoungGen      total 490496K, used 13344K [0x00000000e0000000, 0x0000000100000000, 0x0000000100000000)
  eden space 457728K, 0% used [0x00000000e0000000,0x00000000e0000000,0x00000000fbf00000)
  from space 32768K, 40% used [0x00000000fdd80000,0x00000000fea88370,0x00000000ffd80000)
  to   space 31232K, 0% used [0x00000000fbf00000,0x00000000fbf00000,0x00000000fdd80000)
 ParOldGen       total 175616K, used 90870K [0x00000000a0000000, 0x00000000aab80000, 0x00000000e0000000)
  object space 175616K, 51% used [0x00000000a0000000,0x00000000a58bd8e0,0x00000000aab80000)
 Metaspace       used 102407K, capacity 109280K, committed 109568K, reserved 1144832K
  class space    used 13341K, capacity 14465K, committed 14592K, reserved 1048576K
}
Event: 2934.574 GC heap before
{Heap before GC invocations=47 (full 4):
 PSYoungGen      total 490496K, used 471072K [0x00000000e0000000, 0x0000000100000000, 0x0000000100000000)
  eden space 457728K, 100% used [0x00000000e0000000,0x00000000fbf00000,0x00000000fbf00000)
  from space 32768K, 40% used [0x00000000fdd80000,0x00000000fea88370,0x00000000ffd80000)
  to   space 31232K, 0% used [0x00000000fbf00000,0x00000000fbf00000,0x00000000fdd80000)
 ParOldGen       total 175616K, used 90870K [0x00000000a0000000, 0x00000000aab80000, 0x00000000e0000000)
  object space 175616K, 51% used [0x00000000a0000000,0x00000000a58bd8e0,0x00000000aab80000)
 Metaspace       used 102423K, capacity 109352K, committed 109568K, reserved 1144832K
  class space    used 13343K, capacity 14467K, committed 14592K, reserved 1048576K
Event: 2934.591 GC heap after
Heap after GC invocations=47 (full 4):
 PSYoungGen      total 488960K, used 2016K [0x00000000e0000000, 0x00000000ffe80000, 0x0000000100000000)
  eden space 457728K, 0% used [0x00000000e0000000,0x00000000e0000000,0x00000000fbf00000)
  from space 31232K, 6% used [0x00000000fbf00000,0x00000000fc0f8010,0x00000000fdd80000)
  to   space 31232K, 0% used [0x00000000fe000000,0x00000000fe000000,0x00000000ffe80000)
 ParOldGen       total 175616K, used 101077K [0x00000000a0000000, 0x00000000aab80000, 0x00000000e0000000)
  object space 175616K, 57% used [0x00000000a0000000,0x00000000a62b5720,0x00000000aab80000)
 Metaspace       used 102423K, capacity 109352K, committed 109568K, reserved 1144832K
  class space    used 13343K, capacity 14467K, committed 14592K, reserved 1048576K
}
Event: 3818.582 GC heap before
{Heap before GC invocations=48 (full 4):
 PSYoungGen      total 488960K, used 459744K [0x00000000e0000000, 0x00000000ffe80000, 0x0000000100000000)
  eden space 457728K, 100% used [0x00000000e0000000,0x00000000fbf00000,0x00000000fbf00000)
  from space 31232K, 6% used [0x00000000fbf00000,0x00000000fc0f8010,0x00000000fdd80000)
  to   space 31232K, 0% used [0x00000000fe000000,0x00000000fe000000,0x00000000ffe80000)
 ParOldGen       total 175616K, used 101077K [0x00000000a0000000, 0x00000000aab80000, 0x00000000e0000000)
  object space 175616K, 57% used [0x00000000a0000000,0x00000000a62b5720,0x00000000aab80000)
 Metaspace       used 102637K, capacity 109588K, committed 109824K, reserved 1144832K
  class space    used 13352K, capacity 14483K, committed 14592K, reserved 1048576K
Event: 3818.623 GC heap after
Heap after GC invocations=48 (full 4):
 PSYoungGen      total 492032K, used 8096K [0x00000000e0000000, 0x00000000ffe00000, 0x0000000100000000)
  eden space 461312K, 0% used [0x00000000e0000000,0x00000000e0000000,0x00000000fc280000)
  from space 30720K, 26% used [0x00000000fe000000,0x00000000fe7e8070,0x00000000ffe00000)
  to   space 30208K, 0% used [0x00000000fc280000,0x00000000fc280000,0x00000000fe000000)
 ParOldGen       total 175616K, used 101637K [0x00000000a0000000, 0x00000000aab80000, 0x00000000e0000000)
  object space 175616K, 57% used [0x00000000a0000000,0x00000000a6341740,0x00000000aab80000)
 Metaspace       used 102637K, capacity 109588K, committed 109824K, reserved 1144832K
  class space    used 13352K, capacity 14483K, committed 14592K, reserved 1048576K
}
Event: 3841.942 GC heap before
{Heap before GC invocations=49 (full 4):
 PSYoungGen      total 492032K, used 469408K [0x00000000e0000000, 0x00000000ffe00000, 0x0000000100000000)
  eden space 461312K, 100% used [0x00000000e0000000,0x00000000fc280000,0x00000000fc280000)
  from space 30720K, 26% used [0x00000000fe000000,0x00000000fe7e8070,0x00000000ffe00000)
  to   space 30208K, 0% used [0x00000000fc280000,0x00000000fc280000,0x00000000fe000000)
 ParOldGen       total 175616K, used 101637K [0x00000000a0000000, 0x00000000aab80000, 0x00000000e0000000)
  object space 175616K, 57% used [0x00000000a0000000,0x00000000a6341740,0x00000000aab80000)
 Metaspace       used 102674K, capacity 109592K, committed 109824K, reserved 1144832K
  class space    used 13352K, capacity 14483K, committed 14592K, reserved 1048576K
Event: 3842.374 GC heap after
Heap after GC invocations=49 (full 4):
 PSYoungGen      total 491520K, used 9816K [0x00000000e0000000, 0x00000000ffd80000, 0x0000000100000000)
  eden space 461312K, 0% used [0x00000000e0000000,0x00000000e0000000,0x00000000fc280000)
  from space 30208K, 32% used [0x00000000fc280000,0x00000000fcc162b8,0x00000000fe000000)
  to   space 29184K, 0% used [0x00000000fe100000,0x00000000fe100000,0x00000000ffd80000)
 ParOldGen       total 175616K, used 108808K [0x00000000a0000000, 0x00000000aab80000, 0x00000000e0000000)
  object space 175616K, 61% used [0x00000000a0000000,0x00000000a6a42168,0x00000000aab80000)
 Metaspace       used 102674K, capacity 109592K, committed 109824K, reserved 1144832K
  class space    used 13352K, capacity 14483K, committed 14592K, reserved 1048576K
}

Deoptimization events (10 events):
Event: 3843.570 Thread 0x000000002028d000 Uncommon trap: reason=unstable_if action=reinterpret pc=0x0000000005203330 method=com.android.tools.r8.ir.conversion.IRBuilder.a(Lcom/android/tools/r8/graph/DexEncodedMethod;)Lcom/android/tools/r8/ir/code/IRCode; @ 1578
Event: 3844.334 Thread 0x000000002028d000 Uncommon trap: reason=unstable_if action=reinterpret pc=0x0000000004f5b620 method=com.android.tools.r8.ir.optimize.P.a()V @ 437
Event: 3845.909 Thread 0x000000002028d000 Uncommon trap: reason=class_check action=maybe_recompile pc=0x000000000739f83c method=com.android.tools.r8.m.a.a.b.A0$a.a()Lcom/android/tools/r8/m/a/a/b/A0; @ 14
Event: 3845.910 Thread 0x000000002028d000 Uncommon trap: reason=class_check action=maybe_recompile pc=0x00000000072c9a6c method=com.android.tools.r8.ir.optimize.CodeRewriter.k(Lcom/android/tools/r8/ir/code/IRCode;)V @ 1568
Event: 3845.912 Thread 0x000000002028d000 Uncommon trap: reason=bimorphic action=maybe_recompile pc=0x0000000003e31bf0 method=com.android.tools.r8.m.a.a.b.Y.toArray()[Ljava/lang/Object; @ 1
Event: 3846.568 Thread 0x000000002028d000 Uncommon trap: reason=bimorphic action=maybe_recompile pc=0x00000000074526e0 method=com.android.tools.r8.ir.analysis.g.e.a(Lcom/android/tools/r8/ir/code/Phi;)V @ 75
Event: 3846.583 Thread 0x000000002028d000 Uncommon trap: reason=class_check action=maybe_recompile pc=0x0000000003e34784 method=com.android.tools.r8.ir.code.ConstNumber.a(Lcom/android/tools/r8/ir/code/Instruction;)Z @ 17
Event: 3846.583 Thread 0x000000002028d000 Uncommon trap: reason=class_check action=maybe_recompile pc=0x0000000003e34784 method=com.android.tools.r8.ir.code.ConstNumber.a(Lcom/android/tools/r8/ir/code/Instruction;)Z @ 17
Event: 3846.584 Thread 0x000000002028d000 Uncommon trap: reason=class_check action=maybe_recompile pc=0x0000000003e34784 method=com.android.tools.r8.ir.code.ConstNumber.a(Lcom/android/tools/r8/ir/code/Instruction;)Z @ 17
Event: 3846.854 Thread 0x000000002028d000 Uncommon trap: reason=class_check action=maybe_recompile pc=0x0000000003e34784 method=com.android.tools.r8.ir.code.ConstNumber.a(Lcom/android/tools/r8/ir/code/Instruction;)Z @ 17

Internal exceptions (10 events):
Event: 3820.615 Thread 0x000000001eac7000 Exception <a 'sun/nio/fs/WindowsException'> (0x00000000e6813278) thrown at [C:\re\workspace\8-2-build-windows-amd64-cygwin\jdk8u144\9417\hotspot\src\share\vm\prims\jni.cpp, line 709]
Event: 3820.624 Thread 0x000000001eac7000 Exception <a 'sun/nio/fs/WindowsException'> (0x00000000e6935400) thrown at [C:\re\workspace\8-2-build-windows-amd64-cygwin\jdk8u144\9417\hotspot\src\share\vm\prims\jni.cpp, line 709]
Event: 3820.627 Thread 0x000000001eac7000 Exception <a 'sun/nio/fs/WindowsException'> (0x00000000e693d850) thrown at [C:\re\workspace\8-2-build-windows-amd64-cygwin\jdk8u144\9417\hotspot\src\share\vm\prims\jni.cpp, line 709]
Event: 3820.631 Thread 0x000000001eac7000 Exception <a 'sun/nio/fs/WindowsException'> (0x00000000e69448a8) thrown at [C:\re\workspace\8-2-build-windows-amd64-cygwin\jdk8u144\9417\hotspot\src\share\vm\prims\jni.cpp, line 709]
Event: 3820.638 Thread 0x000000001eac7000 Exception <a 'sun/nio/fs/WindowsException'> (0x00000000e69572f0) thrown at [C:\re\workspace\8-2-build-windows-amd64-cygwin\jdk8u144\9417\hotspot\src\share\vm\prims\jni.cpp, line 709]
Event: 3837.964 Thread 0x0000000020290800 Exception <a 'sun/nio/fs/WindowsException'> (0x00000000e7487658) thrown at [C:\re\workspace\8-2-build-windows-amd64-cygwin\jdk8u144\9417\hotspot\src\share\vm\prims\jni.cpp, line 709]
Event: 3838.344 Thread 0x000000002028d000 Exception <a 'sun/nio/fs/WindowsException'> (0x00000000e8e04d40) thrown at [C:\re\workspace\8-2-build-windows-amd64-cygwin\jdk8u144\9417\hotspot\src\share\vm\prims\jni.cpp, line 709]
Event: 3839.794 Thread 0x000000002028d000 Implicit null exception at 0x00000000073ce57b to 0x00000000073cf559
Event: 3840.849 Thread 0x000000002028d000 Implicit null exception at 0x000000000743602c to 0x00000000074360aa
Event: 3842.796 Thread 0x0000000020290800 Exception <a 'sun/nio/fs/WindowsException'> (0x00000000e33034c8) thrown at [C:\re\workspace\8-2-build-windows-amd64-cygwin\jdk8u144\9417\hotspot\src\share\vm\prims\jni.cpp, line 709]

Events (10 events):
Event: 3846.584 Thread 0x000000002028d000 DEOPT PACKING pc=0x0000000003e34784 sp=0x00000000226fc1e0
Event: 3846.584 Thread 0x000000002028d000 DEOPT UNPACKING pc=0x0000000002cc582a sp=0x00000000226fc188 mode 2
Event: 3846.584 Thread 0x000000002028d000 Uncommon trap: trap_request=0xffffffde fr.pc=0x0000000003e34784
Event: 3846.584 Thread 0x000000002028d000 DEOPT PACKING pc=0x0000000003e34784 sp=0x00000000226fc1e0
Event: 3846.584 Thread 0x000000002028d000 DEOPT UNPACKING pc=0x0000000002cc582a sp=0x00000000226fc188 mode 2
Event: 3846.854 Thread 0x000000002028d000 Uncommon trap: trap_request=0xffffffde fr.pc=0x0000000003e34784
Event: 3846.854 Thread 0x000000002028d000 DEOPT PACKING pc=0x0000000003e34784 sp=0x00000000226fc1e0
Event: 3846.854 Thread 0x000000002028d000 DEOPT UNPACKING pc=0x0000000002cc582a sp=0x00000000226fc188 mode 2
Event: 3847.074 Thread 0x000000002028d000 DEOPT PACKING pc=0x0000000007580313 sp=0x00000000226fbe00
Event: 3847.074 Thread 0x000000002028d000 DEOPT UNPACKING pc=0x0000000002cc787f sp=0x00000000226fbd18 mode 0


Dynamic libraries:
0x00007ff6bba70000 - 0x00007ff6bbaa7000 	C:\Program Files\Java\jdk1.8.0_144\bin\java.exe
0x00007ffe575a0000 - 0x00007ffe57790000 	C:\WINDOWS\SYSTEM32\ntdll.dll
0x00007ffe55ee0000 - 0x00007ffe55f92000 	C:\WINDOWS\System32\KERNEL32.DLL
0x00007ffe553a0000 - 0x00007ffe55643000 	C:\WINDOWS\System32\KERNELBASE.dll
0x00007ffe56770000 - 0x00007ffe56813000 	C:\WINDOWS\System32\ADVAPI32.dll
0x00007ffe568c0000 - 0x00007ffe5695e000 	C:\WINDOWS\System32\msvcrt.dll
0x00007ffe56820000 - 0x00007ffe568b7000 	C:\WINDOWS\System32\sechost.dll
0x00007ffe56030000 - 0x00007ffe56150000 	C:\WINDOWS\System32\RPCRT4.dll
0x00007ffe56220000 - 0x00007ffe563b4000 	C:\WINDOWS\System32\USER32.dll
0x00007ffe55050000 - 0x00007ffe55071000 	C:\WINDOWS\System32\win32u.dll
0x00007ffe56a30000 - 0x00007ffe56a56000 	C:\WINDOWS\System32\GDI32.dll
0x00007ffe54e00000 - 0x00007ffe54f94000 	C:\WINDOWS\System32\gdi32full.dll
0x00007ffe550d0000 - 0x00007ffe5516e000 	C:\WINDOWS\System32\msvcp_win.dll
0x00007ffe55170000 - 0x00007ffe5526a000 	C:\WINDOWS\System32\ucrtbase.dll
0x00007ffe47700000 - 0x00007ffe47985000 	C:\WINDOWS\WinSxS\amd64_microsoft.windows.common-controls_6595b64144ccf1df_6.0.18362.720_none_e6beb5c51314836b\COMCTL32.dll
0x00007ffe563c0000 - 0x00007ffe566f6000 	C:\WINDOWS\System32\combase.dll
0x00007ffe55270000 - 0x00007ffe552f0000 	C:\WINDOWS\System32\bcryptPrimitives.dll
0x00007ffe574b0000 - 0x00007ffe574de000 	C:\WINDOWS\System32\IMM32.DLL
0x000000005c970000 - 0x000000005ca42000 	C:\Program Files\Java\jdk1.8.0_144\jre\bin\msvcr100.dll
0x000000005adc0000 - 0x000000005b65d000 	C:\Program Files\Java\jdk1.8.0_144\jre\bin\server\jvm.dll
0x00007ffe56020000 - 0x00007ffe56028000 	C:\WINDOWS\System32\PSAPI.DLL
0x00007ffe4ba90000 - 0x00007ffe4ba99000 	C:\WINDOWS\SYSTEM32\WSOCK32.dll
0x00007ffe516e0000 - 0x00007ffe51704000 	C:\WINDOWS\SYSTEM32\WINMM.dll
0x00007ffe56700000 - 0x00007ffe5676f000 	C:\WINDOWS\System32\WS2_32.dll
0x00007ffe51450000 - 0x00007ffe5147d000 	C:\WINDOWS\SYSTEM32\winmmbase.dll
0x00007ffe4b4f0000 - 0x00007ffe4b4fa000 	C:\WINDOWS\SYSTEM32\VERSION.dll
0x00007ffe55350000 - 0x00007ffe5539a000 	C:\WINDOWS\System32\cfgmgr32.dll
0x000000005c960000 - 0x000000005c96f000 	C:\Program Files\Java\jdk1.8.0_144\jre\bin\verify.dll
0x000000005c930000 - 0x000000005c959000 	C:\Program Files\Java\jdk1.8.0_144\jre\bin\java.dll
0x000000005c910000 - 0x000000005c926000 	C:\Program Files\Java\jdk1.8.0_144\jre\bin\zip.dll
0x00007ffe55650000 - 0x00007ffe55d35000 	C:\WINDOWS\System32\SHELL32.dll
0x00007ffe57400000 - 0x00007ffe574a9000 	C:\WINDOWS\System32\shcore.dll
0x00007ffe54680000 - 0x00007ffe54e00000 	C:\WINDOWS\System32\windows.storage.dll
0x00007ffe54500000 - 0x00007ffe54523000 	C:\WINDOWS\System32\profapi.dll
0x00007ffe544b0000 - 0x00007ffe544fa000 	C:\WINDOWS\System32\powrprof.dll
0x00007ffe54460000 - 0x00007ffe54470000 	C:\WINDOWS\System32\UMPDC.dll
0x00007ffe55d40000 - 0x00007ffe55d92000 	C:\WINDOWS\System32\shlwapi.dll
0x00007ffe54470000 - 0x00007ffe54481000 	C:\WINDOWS\System32\kernel.appcore.dll
0x00007ffe550b0000 - 0x00007ffe550c7000 	C:\WINDOWS\System32\cryptsp.dll
0x000000005c8f0000 - 0x000000005c90a000 	C:\Program Files\Java\jdk1.8.0_144\jre\bin\net.dll
0x00007ffe53cd0000 - 0x00007ffe53d37000 	C:\WINDOWS\system32\mswsock.dll
0x000000005c8d0000 - 0x000000005c8e1000 	C:\Program Files\Java\jdk1.8.0_144\jre\bin\nio.dll
0x00007ffe35d50000 - 0x00007ffe35d76000 	C:\Users\86151\.gradle\native\29\windows-amd64\native-platform.dll
0x000000005c8c0000 - 0x000000005c8cd000 	C:\Program Files\Java\jdk1.8.0_144\jre\bin\management.dll
0x00007ffe53840000 - 0x00007ffe53873000 	C:\WINDOWS\system32\rsaenh.dll
0x00007ffe55080000 - 0x00007ffe550a6000 	C:\WINDOWS\System32\bcrypt.dll
0x00007ffe54380000 - 0x00007ffe543a5000 	C:\WINDOWS\SYSTEM32\USERENV.dll
0x00007ffe53ea0000 - 0x00007ffe53eac000 	C:\WINDOWS\SYSTEM32\CRYPTBASE.dll
0x00007ffe539e0000 - 0x00007ffe53a1a000 	C:\WINDOWS\SYSTEM32\IPHLPAPI.DLL
0x00007ffe56010000 - 0x00007ffe56018000 	C:\WINDOWS\System32\NSI.dll
0x00007ffe48f60000 - 0x00007ffe48f76000 	C:\WINDOWS\SYSTEM32\dhcpcsvc6.DLL
0x00007ffe48880000 - 0x00007ffe4889c000 	C:\WINDOWS\SYSTEM32\dhcpcsvc.DLL
0x00007ffe53a20000 - 0x00007ffe53aea000 	C:\WINDOWS\SYSTEM32\DNSAPI.dll
0x000000005c890000 - 0x000000005c8b4000 	C:\Program Files\Java\jdk1.8.0_144\jre\bin\sunec.dll
0x00007ffe11b70000 - 0x00007ffe11c7d000 	C:\WINDOWS\SysWOW64\ierd_tgp_lsp64.dll
0x00007ffe56ed0000 - 0x00007ffe57027000 	C:\WINDOWS\System32\ole32.dll
0x00007ffe47e50000 - 0x00007ffe47e5a000 	C:\WINDOWS\system32\wshqos.dll
0x00007ffe47e40000 - 0x00007ffe47e48000 	C:\WINDOWS\SYSTEM32\wshtcpip.DLL
0x00007ffe47e30000 - 0x00007ffe47e38000 	C:\WINDOWS\SYSTEM32\wship6.dll
0x000000005f0a0000 - 0x000000005f0c6000 	C:\Program Files\Bonjour\mdnsNSP.dll
0x00007ffe47be0000 - 0x00007ffe47bea000 	C:\Windows\System32\rasadhlp.dll
0x00007ffe481a0000 - 0x00007ffe48217000 	C:\WINDOWS\System32\fwpuclnt.dll
0x000000005c880000 - 0x000000005c88b000 	C:\Program Files\Java\jdk1.8.0_144\jre\bin\sunmscapi.dll
0x00007ffe54530000 - 0x00007ffe54679000 	C:\WINDOWS\System32\CRYPT32.dll
0x00007ffe54490000 - 0x00007ffe544a2000 	C:\WINDOWS\System32\MSASN1.dll

VM Arguments:
jvm_args: -Xmx1536m -Dfile.encoding=GBK -Duser.country=CN -Duser.language=zh -Duser.variant 
java_command: org.gradle.launcher.daemon.bootstrap.GradleDaemon 5.4.1
java_class_path (initial): C:\Users\86151\.gradle\wrapper\dists\gradle-5.4.1-all\3221gyojl5jsh0helicew7rwx\gradle-5.4.1\lib\gradle-launcher-5.4.1.jar
Launcher Type: SUN_STANDARD

Environment Variables:
JAVA_HOME=C:\Program Files\Java\jdk1.8.0_144
CLASSPATH=.;C:\Program Files\Java\jdk1.8.0_144\lib\dt.jar;C:\Program Files\Java\jdk1.8.0_144\lib\tools.jar;
PATH=C:\ProgramData\Oracle\Java\javapath;C:\Program Files (x86)\Intel\iCLS Client\;C:\Program Files\Intel\iCLS Client\;C:\Windows\system32;C:\Windows;C:\Windows\System32\Wbem;C:\Windows\System32\WindowsPowerShell\v1.0\;C:\Program Files (x86)\NVIDIA Corporation\PhysX\Common;C:\Program Files (x86)\Intel\Intel(R) Management Engine Components\DAL;C:\Program Files\Intel\Intel(R) Management Engine Components\DAL;C:\Program Files (x86)\Intel\Intel(R) Management Engine Components\IPT;C:\Program Files\Intel\Intel(R) Management Engine Components\IPT;C:\WINDOWS\system32;C:\WINDOWS;C:\WINDOWS\System32\Wbem;C:\WINDOWS\System32\WindowsPowerShell\v1.0\;C:\WINDOWS\System32\OpenSSH\;C:\Program Files\Java\jdk1.8.0_144\bin;C:\Program Files\Java\jdk1.8.0_144\jre\bin;D:\mysql\mysql-8.0.15-winx64\bin;D:\tomcat\apache-tomcat-9.0.17\bin;C:\Users\86151\Desktop\2019培训课件（4.28）\Lingo\Lingo 12\新建文件夹\;C:\Program;Files (x86)\MySQL\MySQL Fabric 1.5 & MySQL Utilities 1.5\;C:\Program Files (x86)\MySQL\MySQL Fabric 1.5 & MySQL Utilities 1.5\Doctrine extensions for PHP\;F:\git\Git\cmd;D:\maven\apache-maven-3.6.3\bin\;C:\Program Files\Java\jdk1.8.0_144\lib;D:\android\sdk\sdk\platform-tools;C:\Program Files\dotnet\;C:\Users\86151\AppData\Local\Microsoft\WindowsApps;
USERNAME=86151
OS=Windows_NT
PROCESSOR_IDENTIFIER=Intel64 Family 6 Model 158 Stepping 9, GenuineIntel



---------------  S Y S T E M  ---------------

OS: Windows 10.0 , 64 bit Build 18362 (10.0.18362.329)

CPU:total 8 (initial active 8) (4 cores per cpu, 2 threads per core) family 6 model 158 stepping 9, cmov, cx8, fxsr, mmx, sse, sse2, sse3, ssse3, sse4.1, sse4.2, popcnt, avx, avx2, aes, clmul, erms, 3dnowpref, lzcnt, ht, tsc, tscinvbit, bmi1, bmi2, adx

Memory: 4k page, physical 8260772k(343984k free), swap 16125088k(48k free)

vm_info: Java HotSpot(TM) 64-Bit Server VM (25.144-b01) for windows-amd64 JRE (1.8.0_144-b01), built on Jul 21 2017 21:57:33 by "java_re" with MS VC++ 10.0 (VS2010)

time: Mon Apr 13 18:07:57 2020
elapsed time: 3847 seconds (0d 1h 4m 7s)

